<?xml version="1.0" encoding="UTF-8"?>
<!-- Generated by org.testng.reporters.JUnitXMLReporter -->
<testsuite hostname="Mahmoud-PC" ignored="0" name="Default test" tests="3" failures="0" timestamp="03 ماي 2017 14:31:35 GMT" time="67.305" errors="0">
  <testcase name="SignUpTest1" time="8.392" classname="Testing.SignUpTest"/>
  <testcase name="SignUpTest2" time="7.446" classname="Testing.SignUpTest"/>
  <testcase name="SignUpTest3" time="7.844" classname="Testing.SignUpTest"/>
</testsuite> <!-- Default test -->
