<?xml version="1.0" encoding="UTF-8"?>
<testng-results skipped="0" failed="0" ignored="0" total="3" passed="3">
  <reporter-output>
  </reporter-output>
  <suite name="Default suite" duration-ms="67305" started-at="2017-05-03T14:30:27Z" finished-at="2017-05-03T14:31:35Z">
    <groups>
    </groups>
    <test name="Default test" duration-ms="67305" started-at="2017-05-03T14:30:27Z" finished-at="2017-05-03T14:31:35Z">
      <class name="Testing.SignUpTest">
        <test-method status="PASS" signature="OpenBrowser()[pri:0, instance:Testing.SignUpTest@1805618]" name="OpenBrowser" is-config="true" duration-ms="18857" started-at="2017-05-03T16:30:27Z" finished-at="2017-05-03T16:30:46Z">
          <reporter-output>
          </reporter-output>
        </test-method> <!-- OpenBrowser -->
        <test-method status="PASS" signature="SignUpTest1()[pri:0, instance:Testing.SignUpTest@1805618]" name="SignUpTest1" duration-ms="8392" started-at="2017-05-03T16:30:46Z" finished-at="2017-05-03T16:30:55Z">
          <reporter-output>
          </reporter-output>
        </test-method> <!-- SignUpTest1 -->
        <test-method status="PASS" signature="terminateBrowser()[pri:0, instance:Testing.SignUpTest@1805618]" name="terminateBrowser" is-config="true" duration-ms="940" started-at="2017-05-03T16:30:55Z" finished-at="2017-05-03T16:30:56Z">
          <reporter-output>
          </reporter-output>
        </test-method> <!-- terminateBrowser -->
        <test-method status="PASS" signature="OpenBrowser()[pri:0, instance:Testing.SignUpTest@1805618]" name="OpenBrowser" is-config="true" duration-ms="12949" started-at="2017-05-03T16:30:56Z" finished-at="2017-05-03T16:31:09Z">
          <reporter-output>
          </reporter-output>
        </test-method> <!-- OpenBrowser -->
        <test-method status="PASS" signature="SignUpTest2()[pri:1, instance:Testing.SignUpTest@1805618]" name="SignUpTest2" duration-ms="7446" started-at="2017-05-03T16:31:09Z" finished-at="2017-05-03T16:31:16Z">
          <reporter-output>
          </reporter-output>
        </test-method> <!-- SignUpTest2 -->
        <test-method status="PASS" signature="terminateBrowser()[pri:0, instance:Testing.SignUpTest@1805618]" name="terminateBrowser" is-config="true" duration-ms="701" started-at="2017-05-03T16:31:16Z" finished-at="2017-05-03T16:31:17Z">
          <reporter-output>
          </reporter-output>
        </test-method> <!-- terminateBrowser -->
        <test-method status="PASS" signature="OpenBrowser()[pri:0, instance:Testing.SignUpTest@1805618]" name="OpenBrowser" is-config="true" duration-ms="9290" started-at="2017-05-03T16:31:17Z" finished-at="2017-05-03T16:31:26Z">
          <reporter-output>
          </reporter-output>
        </test-method> <!-- OpenBrowser -->
        <test-method status="PASS" signature="SignUpTest3()[pri:2, instance:Testing.SignUpTest@1805618]" name="SignUpTest3" duration-ms="7844" started-at="2017-05-03T16:31:26Z" finished-at="2017-05-03T16:31:34Z">
          <reporter-output>
          </reporter-output>
        </test-method> <!-- SignUpTest3 -->
        <test-method status="PASS" signature="terminateBrowser()[pri:0, instance:Testing.SignUpTest@1805618]" name="terminateBrowser" is-config="true" duration-ms="680" started-at="2017-05-03T16:31:34Z" finished-at="2017-05-03T16:31:35Z">
          <reporter-output>
          </reporter-output>
        </test-method> <!-- terminateBrowser -->
      </class> <!-- Testing.SignUpTest -->
    </test> <!-- Default test -->
  </suite> <!-- Default suite -->
</testng-results>
